<?xml version="1.0" encoding="UTF-8"?>
<!-- Generated by org.testng.reporters.JUnitXMLReporter -->
<testsuite ignored="0" hostname="Prashanth-REDE" failures="0" tests="3" name="Default test" time="0.062" errors="0" timestamp="2021-12-14T15:22:04 IST">
  <testcase classname="com.testing.omeayo.TestOne" name="registration" time="0.006"/>
  <testcase classname="com.testing.omeayo.TestOne" name="login" time="0.001"/>
  <testcase classname="com.testing.omeayo.TestOne" name="logout" time="0.001"/>
</testsuite> <!-- Default test -->
