<?xml version="1.0" encoding="UTF-8"?>
<testng-results ignored="0" total="3" passed="3" failed="0" skipped="0">
  <reporter-output>
  </reporter-output>
  <suite started-at="2021-12-14T15:22:04 IST" name="Default suite" finished-at="2021-12-14T15:22:04 IST" duration-ms="62">
    <groups>
    </groups>
    <test started-at="2021-12-14T15:22:04 IST" name="Default test" finished-at="2021-12-14T15:22:04 IST" duration-ms="62">
      <class name="com.testing.omeayo.TestOne">
        <test-method is-config="true" signature="setup()[pri:0, instance:com.testing.omeayo.TestOne@47af7f3d]" started-at="2021-12-14T15:22:04 IST" name="setup" finished-at="2021-12-14T15:22:04 IST" duration-ms="8" status="PASS">
          <reporter-output>
          </reporter-output>
        </test-method> <!-- setup -->
        <test-method signature="registration()[pri:1, instance:com.testing.omeayo.TestOne@47af7f3d]" started-at="2021-12-14T15:22:04 IST" name="registration" finished-at="2021-12-14T15:22:04 IST" duration-ms="6" status="PASS">
          <reporter-output>
          </reporter-output>
        </test-method> <!-- registration -->
        <test-method signature="login()[pri:2, instance:com.testing.omeayo.TestOne@47af7f3d]" started-at="2021-12-14T15:22:04 IST" name="login" finished-at="2021-12-14T15:22:04 IST" duration-ms="1" status="PASS">
          <reporter-output>
          </reporter-output>
        </test-method> <!-- login -->
        <test-method signature="logout()[pri:3, instance:com.testing.omeayo.TestOne@47af7f3d]" started-at="2021-12-14T15:22:04 IST" name="logout" finished-at="2021-12-14T15:22:04 IST" duration-ms="1" status="PASS">
          <reporter-output>
          </reporter-output>
        </test-method> <!-- logout -->
        <test-method is-config="true" signature="closing()[pri:0, instance:com.testing.omeayo.TestOne@47af7f3d]" started-at="2021-12-14T15:22:04 IST" name="closing" finished-at="2021-12-14T15:22:04 IST" duration-ms="1" status="PASS">
          <reporter-output>
          </reporter-output>
        </test-method> <!-- closing -->
      </class> <!-- com.testing.omeayo.TestOne -->
    </test> <!-- Default test -->
  </suite> <!-- Default suite -->
</testng-results>
